<?xml version="1.0" ?>
<testsuite name="WebTests-20210218211735" tests="1" time="14.717" failures="0" errors="1">
	<testcase classname="WebTests" name="test_1_open_amazon_and_fetch_results" time="14.717">
		<error type="ValueError" message="invalid literal for int() with base 10: '569.95'"><![CDATA[Traceback (most recent call last):
  File "C:\Users\Depinder Bharti\PycharmProjects\pythonProject\main2.py", line 40, in test_1_open_amazon_and_fetch_results
    amazon_price = int(price)
ValueError: invalid literal for int() with base 10: '569.95'
]]></error>
	</testcase>
	<system-out><![CDATA[Init - Setting up web browser
TestCase: 1 - Open Amazon and fetch results for Iphone 11
TearDown - End of Test Scenario
]]></system-out>
	<system-err><![CDATA[]]></system-err>
</testsuite>
