<?xml version="1.0" ?>
<testsuite name="WebTests-20210218214025" tests="3" time="81.810" failures="0" errors="2">
	<testcase classname="WebTests" name="test_1_open_amazon_and_fetch_results" time="42.032"/>
	<testcase classname="WebTests" name="test_2_open_ebay_and_fetch_results" time="39.777">
		<error type="AssertionError" message="Case Status: [Failed]"><![CDATA[Traceback (most recent call last):
  File "C:\Users\Depinder Bharti\PycharmProjects\pythonProject\main2.py", line 50, in test_2_open_ebay_and_fetch_results
    waitfor(self, 10, By.PARTIAL_LINK_TEXT, "Apple iPhone 11, 64GB")
  File "C:\Users\Depinder Bharti\PycharmProjects\pythonProject\lib\common_functions.py", line 31, in waitfor
    self.fail("Case Status: [Failed]")
AssertionError: Case Status: [Failed]
]]></error>
	</testcase>
	<testcase classname="WebTests" name="test_3_combine_the_results" time="0.000">
		<error type="TypeError" message="can only concatenate str (not &quot;float&quot;) to str"><![CDATA[Traceback (most recent call last):
  File "C:\Users\Depinder Bharti\PycharmProjects\pythonProject\main2.py", line 60, in test_3_combine_the_results
    print("Amazon: " + amazon_price)
TypeError: can only concatenate str (not "float") to str
]]></error>
	</testcase>
	<system-out><![CDATA[Init - Setting up web browser
TestCase: 1 - Open Amazon and fetch results for Iphone 11
599.95
TestCase: 2 - Open Ebay and fetch results for Iphone 11
599.95
TimeOut: [FAILED] Element partial link text with value Apple iPhone 11, 64GB not found
TestCase: 3 - Fetch values from Global and handle data
TearDown - End of Test Scenario
]]></system-out>
	<system-err><![CDATA[]]></system-err>
</testsuite>
