<?xml version="1.0" ?>
<testsuite name="WebTests-20210218212155" tests="1" time="16.332" failures="0" errors="1">
	<testcase classname="WebTests" name="test_1_open_amazon_and_fetch_results" time="16.332">
		<error type="NameError" message="name 'amazon_price' is not defined"><![CDATA[Traceback (most recent call last):
  File "C:\Users\Depinder Bharti\PycharmProjects\pythonProject\main2.py", line 41, in test_1_open_amazon_and_fetch_results
    print(str(amazon_price))
NameError: name 'amazon_price' is not defined
]]></error>
	</testcase>
	<system-out><![CDATA[Init - Setting up web browser
TestCase: 1 - Open Amazon and fetch results for Iphone 11
TearDown - End of Test Scenario
]]></system-out>
	<system-err><![CDATA[]]></system-err>
</testsuite>
